<?xml version="1.0" encoding="UTF-8"?>
<!-- Generated by org.testng.reporters.JUnitXMLReporter -->
<testsuite ignored="0" hostname="LAPTOP-FS6FH29B" failures="0" tests="5" name="Test" time="126.841" errors="0" timestamp="2021-05-05T20:10:43 IST">
  <testcase classname="com.testscript.AlibabaTest1" name="signInFail" time="9.111"/>
  <testcase classname="com.testscript.AlibabaTest" name="signIn" time="8.781"/>
  <testcase classname="com.testscript.AlibabaTest" name="SearchForItems" time="49.186"/>
  <testcase classname="com.testscript.AlibabaTest" name="SearchForItems" time="12.61"/>
  <testcase classname="com.testscript.AlibabaTest" name="SignOutAlibaba" time="6.818"/>
</testsuite> <!-- Test -->
