<?xml version="1.0" encoding="UTF-8"?>
<!-- Generated by org.testng.reporters.JUnitXMLReporter -->
<testsuite ignored="0" hostname="LAPTOP-FS6FH29B" failures="0" tests="5" name="Test" time="137.936" errors="0" timestamp="2021-05-05T19:41:53 IST">
  <testcase classname="com.testscript.AlibabaTest" name="signIn" time="8.639"/>
  <testcase classname="com.testscript.AlibabaTest1" name="signIn" time="12.341"/>
  <testcase classname="com.testscript.AlibabaTest" name="SearchForItems" time="44.071"/>
  <testcase classname="com.testscript.AlibabaTest" name="SearchForItems" time="39.592"/>
  <testcase classname="com.testscript.AlibabaTest" name="SignOutAlibaba" time="7.369"/>
</testsuite> <!-- Test -->
