<?xml version="1.0" encoding="UTF-8"?>
<testsuite xmlns:xsi="http://www.w3.org/2001/XMLSchema-instance" xsi:noNamespaceSchemaLocation="https://maven.apache.org/surefire/maven-surefire-plugin/xsd/surefire-test-report.xsd" name="TestSuite" time="139.627" tests="5" errors="0" skipped="0" failures="0">
  <properties>
[...]
</properties>
  <testcase name="signIn" classname="com.testscript.AlibabaTest" time="3.098"/>
  <testcase name="signIn" classname="com.testscript.AlibabaTest1" time="9.074"/>
  <testcase name="SearchForItems" classname="com.testscript.AlibabaTest" time="44.071"/>
  <testcase name="SearchForItems" classname="com.testscript.AlibabaTest" time="39.595"/>
  <testcase name="SignOutAlibaba" classname="com.testscript.AlibabaTest" time="7.371"/>
</testsuite>