<?xml version="1.0" encoding="UTF-8"?>
<testng-results ignored="0" total="5" passed="5" failed="0" skipped="0">
  <reporter-output>
  </reporter-output>
  <suite started-at="2021-05-05T19:39:34 IST" name="Suite" finished-at="2021-05-05T19:41:52 IST" duration-ms="137936">
    <groups>
    </groups>
    <test started-at="2021-05-05T19:39:34 IST" name="Test" finished-at="2021-05-05T19:41:52 IST" duration-ms="137936">
      <class name="com.testscript.AlibabaTest">
        <test-method is-config="true" signature="setUp(java.lang.String)[pri:0, instance:com.testscript.AlibabaTest@5f8edcc5]" started-at="2021-05-05T19:39:34 IST" name="setUp" finished-at="2021-05-05T19:40:10 IST" duration-ms="35813" status="PASS">
          <params>
            <param index="0">
              <value>
                <![CDATA[http://www.alibaba.com/]]>
              </value>
            </param>
          </params>
          <reporter-output>
          </reporter-output>
        </test-method> <!-- setUp -->
        <test-method signature="signIn(java.lang.String, java.lang.String)[pri:1, instance:com.testscript.AlibabaTest@5f8edcc5]" started-at="2021-05-05T19:40:12 IST" name="signIn" data-provider="getData" finished-at="2021-05-05T19:40:21 IST" duration-ms="8639" status="PASS">
          <params>
            <param index="0">
              <value>
                <![CDATA[raje4005@gmail.com]]>
              </value>
            </param>
            <param index="1">
              <value>
                <![CDATA[rajesh4005]]>
              </value>
            </param>
          </params>
          <reporter-output>
          </reporter-output>
        </test-method> <!-- signIn -->
        <test-method signature="SearchForItems(java.lang.String)[pri:2, instance:com.testscript.AlibabaTest@5f8edcc5]" started-at="2021-05-05T19:40:21 IST" name="SearchForItems" data-provider="getValue" finished-at="2021-05-05T19:41:05 IST" duration-ms="44071" status="PASS">
          <params>
            <param index="0">
              <value>
                <![CDATA[Cycles]]>
              </value>
            </param>
          </params>
          <reporter-output>
          </reporter-output>
        </test-method> <!-- SearchForItems -->
        <test-method signature="SearchForItems(java.lang.String)[pri:2, instance:com.testscript.AlibabaTest@5f8edcc5]" started-at="2021-05-05T19:41:05 IST" name="SearchForItems" data-provider="getValue" finished-at="2021-05-05T19:41:45 IST" duration-ms="39592" status="PASS">
          <params>
            <param index="0">
              <value>
                <![CDATA[Sanitizer]]>
              </value>
            </param>
          </params>
          <reporter-output>
          </reporter-output>
        </test-method> <!-- SearchForItems -->
        <test-method signature="SignOutAlibaba()[pri:3, instance:com.testscript.AlibabaTest@5f8edcc5]" started-at="2021-05-05T19:41:45 IST" name="SignOutAlibaba" finished-at="2021-05-05T19:41:52 IST" duration-ms="7369" status="PASS">
          <reporter-output>
          </reporter-output>
        </test-method> <!-- SignOutAlibaba -->
        <test-method is-config="true" signature="tearDown()[pri:0, instance:com.testscript.AlibabaTest@5f8edcc5]" started-at="2021-05-05T19:41:52 IST" name="tearDown" finished-at="2021-05-05T19:41:52 IST" duration-ms="267" status="PASS">
          <reporter-output>
          </reporter-output>
        </test-method> <!-- tearDown -->
      </class> <!-- com.testscript.AlibabaTest -->
      <class name="com.testscript.AlibabaTest1">
        <test-method is-config="true" signature="setUp(java.lang.String)[pri:0, instance:com.testscript.AlibabaTest1@7b02881e]" started-at="2021-05-05T19:39:34 IST" name="setUp" finished-at="2021-05-05T19:40:17 IST" duration-ms="42969" status="PASS">
          <params>
            <param index="0">
              <value>
                <![CDATA[http://www.alibaba.com/]]>
              </value>
            </param>
          </params>
          <reporter-output>
          </reporter-output>
        </test-method> <!-- setUp -->
        <test-method signature="signIn(java.lang.String, java.lang.String)[pri:0, instance:com.testscript.AlibabaTest1@7b02881e]" started-at="2021-05-05T19:40:18 IST" name="signIn" data-provider="getInput" finished-at="2021-05-05T19:40:30 IST" duration-ms="12341" status="PASS">
          <params>
            <param index="0">
              <value>
                <![CDATA[rajesh@gmail.com]]>
              </value>
            </param>
            <param index="1">
              <value>
                <![CDATA[rajesh]]>
              </value>
            </param>
          </params>
          <reporter-output>
          </reporter-output>
        </test-method> <!-- signIn -->
        <test-method is-config="true" signature="tearDown()[pri:0, instance:com.testscript.AlibabaTest1@7b02881e]" started-at="2021-05-05T19:40:30 IST" name="tearDown" finished-at="2021-05-05T19:40:30 IST" duration-ms="173" status="PASS">
          <reporter-output>
          </reporter-output>
        </test-method> <!-- tearDown -->
      </class> <!-- com.testscript.AlibabaTest1 -->
    </test> <!-- Test -->
  </suite> <!-- Suite -->
</testng-results>
