<?xml version="1.0" encoding="UTF-8"?>
<testng-results ignored="0" total="5" passed="5" failed="0" skipped="0">
  <reporter-output>
  </reporter-output>
  <suite started-at="2021-05-05T20:08:36 IST" name="Suite" finished-at="2021-05-05T20:10:43 IST" duration-ms="126841">
    <groups>
    </groups>
    <test started-at="2021-05-05T20:08:36 IST" name="Test" finished-at="2021-05-05T20:10:43 IST" duration-ms="126841">
      <class name="com.testscript.AlibabaTest1">
        <test-method is-config="true" signature="setUp(java.lang.String)[pri:0, instance:com.testscript.AlibabaTest1@247d8ae]" started-at="2021-05-05T20:08:36 IST" name="setUp" finished-at="2021-05-05T20:09:03 IST" duration-ms="26591" status="PASS">
          <params>
            <param index="0">
              <value>
                <![CDATA[http://www.alibaba.com/]]>
              </value>
            </param>
          </params>
          <reporter-output>
          </reporter-output>
        </test-method> <!-- setUp -->
        <test-method signature="signInFail(java.lang.String, java.lang.String)[pri:0, instance:com.testscript.AlibabaTest1@247d8ae]" started-at="2021-05-05T20:09:03 IST" name="signInFail" data-provider="getInput" finished-at="2021-05-05T20:09:12 IST" duration-ms="9111" status="PASS">
          <params>
            <param index="0">
              <value>
                <![CDATA[rajesh@gmail.com]]>
              </value>
            </param>
            <param index="1">
              <value>
                <![CDATA[rajesh]]>
              </value>
            </param>
          </params>
          <reporter-output>
          </reporter-output>
        </test-method> <!-- signInFail -->
        <test-method is-config="true" signature="tearDown()[pri:0, instance:com.testscript.AlibabaTest1@247d8ae]" started-at="2021-05-05T20:09:12 IST" name="tearDown" finished-at="2021-05-05T20:09:17 IST" duration-ms="4138" status="PASS">
          <reporter-output>
          </reporter-output>
        </test-method> <!-- tearDown -->
      </class> <!-- com.testscript.AlibabaTest1 -->
      <class name="com.testscript.AlibabaTest">
        <test-method is-config="true" signature="setUp(java.lang.String)[pri:0, instance:com.testscript.AlibabaTest@5f9b2141]" started-at="2021-05-05T20:08:36 IST" name="setUp" finished-at="2021-05-05T20:09:25 IST" duration-ms="48915" status="PASS">
          <params>
            <param index="0">
              <value>
                <![CDATA[http://www.alibaba.com/]]>
              </value>
            </param>
          </params>
          <reporter-output>
          </reporter-output>
        </test-method> <!-- setUp -->
        <test-method signature="signIn(java.lang.String, java.lang.String)[pri:1, instance:com.testscript.AlibabaTest@5f9b2141]" started-at="2021-05-05T20:09:25 IST" name="signIn" data-provider="getData" finished-at="2021-05-05T20:09:34 IST" duration-ms="8781" status="PASS">
          <params>
            <param index="0">
              <value>
                <![CDATA[raje4005@gmail.com]]>
              </value>
            </param>
            <param index="1">
              <value>
                <![CDATA[rajesh4005]]>
              </value>
            </param>
          </params>
          <reporter-output>
          </reporter-output>
        </test-method> <!-- signIn -->
        <test-method signature="SearchForItems(java.lang.String)[pri:2, instance:com.testscript.AlibabaTest@5f9b2141]" started-at="2021-05-05T20:09:34 IST" name="SearchForItems" data-provider="getValue" finished-at="2021-05-05T20:10:23 IST" duration-ms="49186" status="PASS">
          <params>
            <param index="0">
              <value>
                <![CDATA[Cycles]]>
              </value>
            </param>
          </params>
          <reporter-output>
          </reporter-output>
        </test-method> <!-- SearchForItems -->
        <test-method signature="SearchForItems(java.lang.String)[pri:2, instance:com.testscript.AlibabaTest@5f9b2141]" started-at="2021-05-05T20:10:23 IST" name="SearchForItems" data-provider="getValue" finished-at="2021-05-05T20:10:36 IST" duration-ms="12610" status="PASS">
          <params>
            <param index="0">
              <value>
                <![CDATA[Sanitizer]]>
              </value>
            </param>
          </params>
          <reporter-output>
          </reporter-output>
        </test-method> <!-- SearchForItems -->
        <test-method signature="SignOutAlibaba()[pri:3, instance:com.testscript.AlibabaTest@5f9b2141]" started-at="2021-05-05T20:10:36 IST" name="SignOutAlibaba" finished-at="2021-05-05T20:10:43 IST" duration-ms="6818" status="PASS">
          <reporter-output>
          </reporter-output>
        </test-method> <!-- SignOutAlibaba -->
        <test-method is-config="true" signature="tearDown()[pri:0, instance:com.testscript.AlibabaTest@5f9b2141]" started-at="2021-05-05T20:10:43 IST" name="tearDown" finished-at="2021-05-05T20:10:43 IST" duration-ms="203" status="PASS">
          <reporter-output>
          </reporter-output>
        </test-method> <!-- tearDown -->
      </class> <!-- com.testscript.AlibabaTest -->
    </test> <!-- Test -->
  </suite> <!-- Suite -->
</testng-results>
